<?xml version="1.0" encoding="UTF-8"?>
<testsuite xmlns:xsi="http://www.w3.org/2001/XMLSchema-instance" xsi:noNamespaceSchemaLocation="https://maven.apache.org/surefire/maven-surefire-plugin/xsd/surefire-test-report-3.0.xsd" version="3.0" name="LICTest" time="0.002" tests="52" errors="0" skipped="0" failures="0">
  <properties>
[...]
</properties>
  <testcase name="testLic4_positive_moreThanQuadsQuadrantsExists" classname="LICTest" time="0.0"/>
  <testcase name="lic12_true_whenConditionsMet" classname="LICTest" time="0.0"/>
  <testcase name="lic6_true_whenEndpointsCoincide_andOtherPointFar" classname="LICTest" time="0.0"/>
  <testcase name="lic6_true_whenPointFartherThanDIST_fromLine" classname="LICTest" time="0.0"/>
  <testcase name="lic9_true_whenAngleIsSmallerThanLowerBounds" classname="LICTest" time="0.0"/>
  <testcase name="testLIC14_Success" classname="LICTest" time="0.0"/>
  <testcase name="test2Lic2LessThanThreePoints" classname="LICTest" time="0.0"/>
  <testcase name="lic11_false_whenConditionNotMet" classname="LICTest" time="0.0"/>
  <testcase name="lic10_false_whenNumPointsTooSmall" classname="LICTest" time="0.0"/>
  <testcase name="lic7_true_whenTwoPointsWithKPtsBetween_areFartherThanLENGTH1" classname="LICTest" time="0.0"/>
  <testcase name="lic9_false_whenAngleIsWithinBounds" classname="LICTest" time="0.0"/>
  <testcase name="testLic4_invalidInput_numPointsLessThanQpts" classname="LICTest" time="0.0"/>
  <testcase name="lic6_true_inLaterWindow_whenFirstWindowFalse" classname="LICTest" time="0.0"/>
  <testcase name="testLic0ZeroLength" classname="LICTest" time="0.0"/>
  <testcase name="testLIC14_FailureOnlyOneCondition" classname="LICTest" time="0.0"/>
  <testcase name="lic12_false_whenOnlyCondition1Met" classname="LICTest" time="0.0"/>
  <testcase name="lic12_false_whenOnlyCondition2Met" classname="LICTest" time="0.0"/>
  <testcase name="lic13_true_whenBothConditionsMetByOneTriple" classname="LICTest" time="0.0"/>
  <testcase name="testLic5_invalidInput_lessThanTwoPoints" classname="LICTest" time="0.0"/>
  <testcase name="testLic2SamePoints" classname="LICTest" time="0.0"/>
  <testcase name="testLIC14_FailureLowNumPoints" classname="LICTest" time="0.0"/>
  <testcase name="lic11_false_whenGPTsOutOfRange" classname="LICTest" time="0.0"/>
  <testcase name="testLic0IdenticalPoints" classname="LICTest" time="0.0"/>
  <testcase name="lic6_false_whenAllPointsWithinDIST_ofLine" classname="LICTest" time="0.0"/>
  <testcase name="lic8_collinearPoints_boundaryBehavior" classname="LICTest" time="0.0"/>
  <testcase name="testLic0BasicTrueCases" classname="LICTest" time="0.0"/>
  <testcase name="testLic10AreaIsGreater" classname="LICTest" time="0.0"/>
  <testcase name="lic8_false_whenTripleFitsInCircleRadius1" classname="LICTest" time="0.0"/>
  <testcase name="lic7_false_whenDistanceNotGreaterThanLENGTH1" classname="LICTest" time="0.0"/>
  <testcase name="testLic0BoundaryCase" classname="LICTest" time="0.0"/>
  <testcase name="testLic3_positive_triangleAreaGreaterThanArea1" classname="LICTest" time="0.0"/>
  <testcase name="lic13_false_whenCannotFitR1ButCannotFitR2" classname="LICTest" time="0.0"/>
  <testcase name="testLic0EdgeCase" classname="LICTest" time="0.0"/>
  <testcase name="testLic5_negative_noDecreasingX" classname="LICTest" time="0.0"/>
  <testcase name="testLic3_invalidInput_lessThanThreePoints" classname="LICTest" time="0.0"/>
  <testcase name="testLic4_negative_notMoreThanQuadsQuadrants" classname="LICTest" time="0.0"/>
  <testcase name="testLic1NotWithinRadius" classname="LICTest" time="0.0"/>
  <testcase name="lic10_false_whenPointsAreCollinear" classname="LICTest" time="0.0"/>
  <testcase name="testLic1WithinRadius" classname="LICTest" time="0.0"/>
  <testcase name="testLic1NegativeRadius" classname="LICTest" time="0.0"/>
  <testcase name="testLic3_negative_triangleAreaNotGreaterThanArea1" classname="LICTest" time="0.0"/>
  <testcase name="testLic1LessThanThreePoints" classname="LICTest" time="0.0"/>
  <testcase name="testLic0BasicFalseCases" classname="LICTest" time="0.0"/>
  <testcase name="lic7_true_withKPtsGreaterThan1" classname="LICTest" time="0.0"/>
  <testcase name="lic13_false_whenAllTriplesFitR1" classname="LICTest" time="0.0"/>
  <testcase name="testLic5_positive_decreasingXExists" classname="LICTest" time="0.0"/>
  <testcase name="lic8_true_whenTripleCannotFitInCircleRadius1" classname="LICTest" time="0.0"/>
  <testcase name="lic11_false_whenNumPointsLessThan3" classname="LICTest" time="0.0"/>
  <testcase name="lic12_false_whenNumPointsLessThan3" classname="LICTest" time="0.0"/>
  <testcase name="lic13_false_whenNumPointsLessThan5" classname="LICTest" time="0.0"/>
  <testcase name="testLic2ConditionMet" classname="LICTest" time="0.0"/>
  <testcase name="lic11_true_whenConditionMet" classname="LICTest" time="0.0"/>
</testsuite>